(0000) 3000  0011000000000000 (   1)                 .ORIG x3000
(3000) E25F  1110001001011111 (   2)                 LEA   R1 STARTSTR
(3001) 3059  0011000001011001 (   5)                 ST    R0 R0ORIGVAL
(3002) 5FE0  0101111111100000 (   6)                 AND   R7 R7 #0
(3003) 1FEF  0001111111101111 (   7)                 ADD   R7 R7 #15
(3004) 1FEF  0001111111101111 (   8)                 ADD   R7 R7 #15
(3005) 1FEF  0001111111101111 (   9)                 ADD   R7 R7 #15
(3006) 3E57  0011111001010111 (  10)                 ST    R7 SPACEASCII
(3007) 5FE0  0101111111100000 (  12)                 AND   R7 R7 #0
(3008) 1FE6  0001111111100110 (  13)                 ADD   R7 R7 #6
(3009) 3E55  0011111001010101 (  14)                 ST    R7 SCREENLEN
(300A) 5FE0  0101111111100000 (  16)                 AND   R7 R7 #0
(300B) 1FE1  0001111111100001 (  18) COUNTSTRLEN     ADD   R7 R7 #1
(300C) 1261  0001001001100001 (  19)                 ADD   R1 R1 #1
(300D) 6040  0110000001000000 (  20)                 LDR   R0 R1 #0
(300E) 03FC  0000001111111100 (  21)                 BRP   COUNTSTRLEN
(300F) 3E4D  0011111001001101 (  22)                 ST    R7 STRLEN
(3010) 1FFA  0001111111111010 (  23)                 ADD   R7 R7 #-6
(3011) 0609  0000011000001001 (  24)                 BRZP  FIRSTSIX
(3012) 2E4A  0010111001001010 (  26)                 LD    R7 STRLEN
(3013) 1FFB  0001111111111011 (  27)                 ADD   R7 R7 #-5
(3014) 0411  0000010000010001 (  28)                 BRZ   FIRSTFIVE
(3015) 2E47  0010111001000111 (  30)                 LD    R7 STRLEN
(3016) 1FFC  0001111111111100 (  31)                 ADD   R7 R7 #-4
(3017) 041B  0000010000011011 (  32)                 BRZ   PRT4
(3018) 2E44  0010111001000100 (  34)                 LD    R7 STRLEN
(3019) 1FFD  0001111111111101 (  35)                 ADD   R7 R7 #-3
(301A) 0C27  0000110000100111 (  36)                 BRNZ  PRLE3
(301B) E244  1110001001000100 (  38) FIRSTSIX        LEA   R1 STARTSTR
(301C) 6040  0110000001000000 (  39) OUTREST6        LDR   R0 R1 #0
(301D) F021  1111000000100001 (  40)                 TRAP  x21
(301E) EE41  1110111001000001 (  41)                 LEA   R7 STARTSTR
(301F) 1FE6  0001111111100110 (  42)                 ADD   R7 R7 #6
(3020) 1261  0001001001100001 (  43)                 ADD   R1 R1 #1
(3021) 9FFF  1001111111111111 (  44)                 NOT   R7 R7
(3022) 1FE1  0001111111100001 (  45)                 ADD   R7 R7 #1
(3023) 1E47  0001111001000111 (  46)                 ADD   R7 R1 R7
(3024) 09F7  0000100111110111 (  47)                 BRN   OUTREST6
(3025) 0E32  0000111000110010 (  48)                 BRNZP FINISH
(3026) E239  1110001000111001 (  50) FIRSTFIVE       LEA   R1 STARTSTR
(3027) 6040  0110000001000000 (  51) OUTREST5        LDR   R0 R1 #0
(3028) F021  1111000000100001 (  52)                 TRAP  x21
(3029) EE36  1110111000110110 (  53)                 LEA   R7 STARTSTR
(302A) 1FE5  0001111111100101 (  54)                 ADD   R7 R7 #5
(302B) 1261  0001001001100001 (  55)                 ADD   R1 R1 #1
(302C) 9FFF  1001111111111111 (  56)                 NOT   R7 R7
(302D) 1FE1  0001111111100001 (  57)                 ADD   R7 R7 #1
(302E) 1E47  0001111001000111 (  58)                 ADD   R7 R1 R7
(302F) 09F7  0000100111110111 (  59)                 BRN   OUTREST5
(3030) 202D  0010000000101101 (  60)                 LD    R0 SPACEASCII
(3031) F021  1111000000100001 (  61)                 TRAP  x21
(3032) 0E25  0000111000100101 (  62)                 BRNZP FINISH
(3033) 202A  0010000000101010 (  64) PRT4            LD    R0 SPACEASCII
(3034) F021  1111000000100001 (  65)                 TRAP  x21
(3035) E22A  1110001000101010 (  66)                 LEA   R1 STARTSTR
(3036) 6040  0110000001000000 (  67) OUTREST4        LDR   R0 R1 #0
(3037) F021  1111000000100001 (  68)                 TRAP  x21
(3038) EE27  1110111000100111 (  69)                 LEA   R7 STARTSTR
(3039) 1FE5  0001111111100101 (  70)                 ADD   R7 R7 #5
(303A) 1261  0001001001100001 (  71)                 ADD   R1 R1 #1
(303B) 9FFF  1001111111111111 (  72)                 NOT   R7 R7
(303C) 1FE1  0001111111100001 (  73)                 ADD   R7 R7 #1
(303D) 1E47  0001111001000111 (  74)                 ADD   R7 R1 R7
(303E) 09F7  0000100111110111 (  75)                 BRN   OUTREST4
(303F) 201E  0010000000011110 (  76)                 LD    R0 SPACEASCII
(3040) F021  1111000000100001 (  77)                 TRAP  x21
(3041) 0E16  0000111000010110 (  78)                 BRNZP FINISH
(3042) 201B  0010000000011011 (  80) PRLE3           LD    R0 SPACEASCII
(3043) F021  1111000000100001 (  81)                 TRAP  x21
(3044) F021  1111000000100001 (  82)                 TRAP  x21
(3045) E21A  1110001000011010 (  83)                 LEA   R1 STARTSTR
(3046) 5FE0  0101111111100000 (  84)                 AND   R7 R7 #0
(3047) 2E15  0010111000010101 (  85)                 LD    R7 STRLEN
(3048) 9FFF  1001111111111111 (  86)                 NOT   R7 R7
(3049) 1FE1  0001111111100001 (  87)                 ADD   R7 R7 #1
(304A) 1FE4  0001111111100100 (  88)                 ADD   R7 R7 #4
(304B) 3E10  0011111000010000 (  89)                 ST    R7 ENDSPACECT
(304C) 6040  0110000001000000 (  90)                 LDR   R0 R1 #0
(304D) F021  1111000000100001 (  91) OUTREST3        TRAP  x21
(304E) 1261  0001001001100001 (  92)                 ADD   R1 R1 #1
(304F) 6040  0110000001000000 (  93)                 LDR   R0 R1 #0
(3050) 03FC  0000001111111100 (  94)                 BRP   OUTREST3
(3051) 200C  0010000000001100 (  96)                 LD    R0 SPACEASCII
(3052) 2E09  0010111000001001 (  97)                 LD    R7 ENDSPACECT
(3053) 5260  0101001001100000 (  98)                 AND   R1 R1 #0
(3054) 1247  0001001001000111 (  99)                 ADD   R1 R1 R7
(3055) F021  1111000000100001 ( 101) REMSPACE        TRAP  x21
(3056) 127F  0001001001111111 ( 102)                 ADD   R1 R1 #-1
(3057) 03FD  0000001111111101 ( 103)                 BRP   REMSPACE
(3058) 2002  0010000000000010 ( 105) FINISH          LD    R0 R0ORIGVAL
(3059) E206  1110001000000110 ( 106)                 LEA   R1 STARTSTR
(305A) F025  1111000000100101 ( 107)                 TRAP  x25
(305B) 0000  0000000000000000 ( 110) R0ORIGVAL       .FILL x0000
(305C) 0000  0000000000000000 ( 111) ENDSPACECT      .FILL x0000
(305D) 0000  0000000000000000 ( 112) STRLEN          .FILL x0000
(305E) 0000  0000000000000000 ( 113) SPACEASCII      .FILL x0000
(305F) 0000  0000000000000000 ( 114) SCREENLEN       .FILL x0000
(3060) 0068  0000000001101000 ( 114) STARTSTR        .FILL x0068
(3061) 0068  0000000001101000 ( 114)                 .FILL x0068
(3062) 0048  0000000001001000 ( 114)                 .FILL x0048
(3063) 0048  0000000001001000 ( 114)                 .FILL x0048
(3064) 0068  0000000001101000 ( 114)                 .FILL x0068
(3065) 0048  0000000001001000 ( 114)                 .FILL x0048
(3066) 0048  0000000001001000 ( 114)                 .FILL x0048
(3067) 0000  0000000000000000 ( 114)                 .FILL x0000
