(0000) 3000  0011000000000000 (   1)                 .ORIG x3000
(3000) E225  1110001000100101 (   2)                 LEA   R1 STARTSTR
(3001) 54A0  0101010010100000 (   5)                 AND   R2 R2 #0
(3002) 5920  0101100100100000 (   6)                 AND   R4 R4 #0
(3003) 1901  0001100100000001 (   7)                 ADD   R4 R4 R1
(3004) 5020  0101000000100000 (   8)                 AND   R0 R0 #0
(3005) 102F  0001000000101111 (   9)                 ADD   R0 R0 #15
(3006) 102F  0001000000101111 (  10)                 ADD   R0 R0 #15
(3007) 1022  0001000000100010 (  11)                 ADD   R0 R0 #2
(3008) 301C  0011000000011100 (  12)                 ST    R0 CONSTANT
(3009) 14A1  0001010010100001 (  14) CHECKLEN        ADD   R2 R2 #1
(300A) 1261  0001001001100001 (  15)                 ADD   R1 R1 #1
(300B) 6640  0110011001000000 (  16)                 LDR   R3 R1 #0
(300C) 03FC  0000001111111100 (  17)                 BRP   CHECKLEN
(300D) 14BC  0001010010111100 (  19)                 ADD   R2 R2 #-4
(300E) 040C  0000010000001100 (  20)                 BRZ   ONESPACE
(300F) 0808  0000100000001000 (  21)                 BRN   TWOSPACE
(3010) 54A0  0101010010100000 (  23)                 AND   R2 R2 #0
(3011) 14A5  0001010010100101 (  24)                 ADD   R2 R2 #5
(3012) 6100  0110000100000000 (  26) PRINTLONGSTR    LDR   R0 R4 #0
(3013) F021  1111000000100001 (  27)                 TRAP  x21
(3014) 1921  0001100100100001 (  28)                 ADD   R4 R4 #1
(3015) 14BF  0001010010111111 (  29)                 ADD   R2 R2 #-1
(3016) 07FB  0000011111111011 (  30)                 BRZP  PRINTLONGSTR
(3017) 0E0C  0000111000001100 (  31)                 BRNZP EOP
(3018) F021  1111000000100001 (  33) TWOSPACE        TRAP  x21
(3019) F021  1111000000100001 (  34)                 TRAP  x21
(301A) 0E05  0000111000000101 (  35)                 BRNZP PRINTSTR2
(301B) F021  1111000000100001 (  37) ONESPACE        TRAP  x21
(301C) 6100  0110000100000000 (  38) PRINTSTR1       LDR   R0 R4 #0
(301D) F021  1111000000100001 (  39)                 TRAP  x21
(301E) 1921  0001100100100001 (  40)                 ADD   R4 R4 #1
(301F) 03FC  0000001111111100 (  41)                 BRP   PRINTSTR1
(3020) 6100  0110000100000000 (  43) PRINTSTR2       LDR   R0 R4 #0
(3021) F021  1111000000100001 (  44)                 TRAP  x21
(3022) 1921  0001100100100001 (  45)                 ADD   R4 R4 #1
(3023) 03FC  0000001111111100 (  46)                 BRP   PRINTSTR2
(3024) F025  1111000000100101 (  47) EOP             TRAP  x25
(3025) 0000  0000000000000000 (  49) CONSTANT        .FILL x0000
(3026) 0068  0000000001101000 (  49) STARTSTR        .FILL x0068
(3027) 0068  0000000001101000 (  49)                 .FILL x0068
(3028) 0048  0000000001001000 (  49)                 .FILL x0048
(3029) 0068  0000000001101000 (  49)                 .FILL x0068
(302A) 0000  0000000000000000 (  49)                 .FILL x0000
