(0000) 3000  0011000000000000 (   5)                 .ORIG x3000
(3000) 54A0  0101010010100000 (   6)                 AND   R2 R2 #0
(3001) 5920  0101100100100000 (   7)                 AND   R4 R4 #0
(3002) E612  1110011000010010 (   8)                 LEA   R3 CHARPTR
(3003) F020  1111000000100000 (   9)                 TRAP  x20
(3004) F021  1111000000100001 (  10)                 TRAP  x21
(3005) 62C0  0110001011000000 (  11)                 LDR   R1 R3 #0
(3006) 68C0  0110100011000000 (  15) TESTEOF         LDR   R4 R3 #0
(3007) 0408  0000010000001000 (  16)                 BRZ   OUTPUT
(3008) 927F  1001001001111111 (  20)                 NOT   R1 R1
(3009) 1261  0001001001100001 (  21)                 ADD   R1 R1 #1
(300A) 1240  0001001001000000 (  22)                 ADD   R1 R1 R0
(300B) 0A01  0000101000000001 (  23)                 BRNP  GETNEXTCHAR
(300C) 14A1  0001010010100001 (  24)                 ADD   R2 R2 #1
(300D) 16E1  0001011011100001 (  26) GETNEXTCHAR     ADD   R3 R3 #1
(300E) 62C0  0110001011000000 (  27)                 LDR   R1 R3 #0
(300F) 0FF6  0000111111110110 (  28)                 BRNZP TESTEOF
(3010) 2003  0010000000000011 (  32) OUTPUT          LD    R0 ASCIIBASE
(3011) 1002  0001000000000010 (  33)                 ADD   R0 R0 R2
(3012) F021  1111000000100001 (  34)                 TRAP  x21
(3013) F025  1111000000100101 (  35)                 TRAP  x25
(3014) 0030  0000000000110000 (  38) ASCIIBASE       .FILL x0030
(3015) 0068  0000000001101000 (  39) CHARPTR         .FILL x0068
(3016) 0065  0000000001100101 (  39)                 .FILL x0065
(3017) 006C  0000000001101100 (  39)                 .FILL x006C
(3018) 006C  0000000001101100 (  39)                 .FILL x006C
(3019) 006F  0000000001101111 (  39)                 .FILL x006F
(301A) 002C  0000000000101100 (  39)                 .FILL x002C
(301B) 0020  0000000000100000 (  39)                 .FILL x0020
(301C) 0077  0000000001110111 (  39)                 .FILL x0077
(301D) 006F  0000000001101111 (  39)                 .FILL x006F
(301E) 0072  0000000001110010 (  39)                 .FILL x0072
(301F) 006C  0000000001101100 (  39)                 .FILL x006C
(3020) 0064  0000000001100100 (  39)                 .FILL x0064
(3021) 0021  0000000000100001 (  39)                 .FILL x0021
(3022) 0000  0000000000000000 (  39)                 .FILL x0000
