(0000) 4000  0100000000000000 (   1)                 .ORIG x4000
(4000) 0074  0000000001110100 (   2)                 .FILL x0074
(4001) 0068  0000000001101000 (   2)                 .FILL x0068
(4002) 0069  0000000001101001 (   2)                 .FILL x0069
(4003) 0073  0000000001110011 (   2)                 .FILL x0073
(4004) 0020  0000000000100000 (   2)                 .FILL x0020
(4005) 0069  0000000001101001 (   2)                 .FILL x0069
(4006) 0073  0000000001110011 (   2)                 .FILL x0073
(4007) 0020  0000000000100000 (   2)                 .FILL x0020
(4008) 0061  0000000001100001 (   2)                 .FILL x0061
(4009) 0020  0000000000100000 (   2)                 .FILL x0020
(400A) 0066  0000000001100110 (   2)                 .FILL x0066
(400B) 0072  0000000001110010 (   2)                 .FILL x0072
(400C) 0069  0000000001101001 (   2)                 .FILL x0069
(400D) 0065  0000000001100101 (   2)                 .FILL x0065
(400E) 006E  0000000001101110 (   2)                 .FILL x006E
(400F) 0064  0000000001100100 (   2)                 .FILL x0064
(4010) 006C  0000000001101100 (   2)                 .FILL x006C
(4011) 0079  0000000001111001 (   2)                 .FILL x0079
(4012) 0020  0000000000100000 (   2)                 .FILL x0020
(4013) 006D  0000000001101101 (   2)                 .FILL x006D
(4014) 0065  0000000001100101 (   2)                 .FILL x0065
(4015) 0073  0000000001110011 (   2)                 .FILL x0073
(4016) 0073  0000000001110011 (   2)                 .FILL x0073
(4017) 0061  0000000001100001 (   2)                 .FILL x0061
(4018) 0067  0000000001100111 (   2)                 .FILL x0067
(4019) 0065  0000000001100101 (   2)                 .FILL x0065
(401A) 0021  0000000000100001 (   2)                 .FILL x0021
(401B) 0000  0000000000000000 (   2)                 .FILL x0000
