(0000) 3000  0011000000000000 (   6)                 .ORIG x3000
(3000) 54A0  0101010010100000 (   7)                 AND   R2 R2 #0
(3001) 5920  0101100100100000 (   8)                 AND   R4 R4 #0
(3002) 2612  0010011000010010 (   9)                 LD    R3 CHARPTR
(3003) F020  1111000000100000 (  10)                 TRAP  x20
(3004) F021  1111000000100001 (  11)                 TRAP  x21
(3005) 62C0  0110001011000000 (  12)                 LDR   R1 R3 #0
(3006) 68C0  0110100011000000 (  16) TESTEOF         LDR   R4 R3 #0
(3007) 0408  0000010000001000 (  19)                 BRZ   OUTPUT
(3008) 927F  1001001001111111 (  23)                 NOT   R1 R1
(3009) 1261  0001001001100001 (  24)                 ADD   R1 R1 #1
(300A) 1240  0001001001000000 (  25)                 ADD   R1 R1 R0
(300B) 0A01  0000101000000001 (  26)                 BRNP  GETNEXTCHAR
(300C) 14A1  0001010010100001 (  27)                 ADD   R2 R2 #1
(300D) 16E1  0001011011100001 (  29) GETNEXTCHAR     ADD   R3 R3 #1
(300E) 62C0  0110001011000000 (  30)                 LDR   R1 R3 #0
(300F) 4FF6  0100111111110110 (  31)                 JSR   TESTEOF
(3010) 2003  0010000000000011 (  35) OUTPUT          LD    R0 ASCIIBASE
(3011) 1002  0001000000000010 (  36)                 ADD   R0 R0 R2
(3012) F021  1111000000100001 (  37)                 TRAP  x21
(3013) F025  1111000000100101 (  38)                 TRAP  x25
(3014) 0030  0000000000110000 (  41) ASCIIBASE       .FILL x0030
(3015) 4000  0100000000000000 (  42) CHARPTR         .FILL x4000
