(0000) 3000  0011000000000000 (   6)                 .ORIG x3000
(3000) 54A0  0101010010100000 (   7)                 AND   R2 R2 #0
(3001) 5920  0101100100100000 (   8)                 AND   R4 R4 #0
(3002) 2613  0010011000010011 (   9)                 LD    R3 CHARPTR
(3003) EC03  1110110000000011 (  10)                 LEA   R6 TESTEOF
(3004) F020  1111000000100000 (  11)                 TRAP  x20
(3005) F021  1111000000100001 (  12)                 TRAP  x21
(3006) 62C0  0110001011000000 (  13)                 LDR   R1 R3 #0
(3007) 68C0  0110100011000000 (  17) TESTEOF         LDR   R4 R3 #0
(3008) 0408  0000010000001000 (  20)                 BRZ   OUTPUT
(3009) 927F  1001001001111111 (  24)                 NOT   R1 R1
(300A) 1261  0001001001100001 (  25)                 ADD   R1 R1 #1
(300B) 1240  0001001001000000 (  26)                 ADD   R1 R1 R0
(300C) 0A01  0000101000000001 (  27)                 BRNP  GETNEXTCHAR
(300D) 14A1  0001010010100001 (  28)                 ADD   R2 R2 #1
(300E) 16E1  0001011011100001 (  30) GETNEXTCHAR     ADD   R3 R3 #1
(300F) 62C0  0110001011000000 (  31)                 LDR   R1 R3 #0
(3010) 4180  0100000110000000 (  32)                 JSRR  R6
(3011) 2003  0010000000000011 (  36) OUTPUT          LD    R0 ASCIIBASE
(3012) 1002  0001000000000010 (  37)                 ADD   R0 R0 R2
(3013) F021  1111000000100001 (  38)                 TRAP  x21
(3014) F025  1111000000100101 (  39)                 TRAP  x25
(3015) 0030  0000000000110000 (  42) ASCIIBASE       .FILL x0030
(3016) 4000  0100000000000000 (  43) CHARPTR         .FILL x4000
