(0000) 3000  0011000000000000 (  12)                 .ORIG x3000
(3000) 56E0  0101011011100000 (  13)                 AND   R3 R3 #0
(3001) 5920  0101100100100000 (  14)                 AND   R4 R4 #0
(3002) 2229  0010001000101001 (  15)                 LD    R1 NUM1
(3003) 040D  0000010000001101 (  16)                 BRZ   CLEANUP
(3004) 0203  0000001000000011 (  17)                 BRP   GETR2
(3005) 927F  1001001001111111 (  18)                 NOT   R1 R1
(3006) 1261  0001001001100001 (  19)                 ADD   R1 R1 #1
(3007) 1921  0001100100100001 (  20)                 ADD   R4 R4 #1
(3008) 54A0  0101010010100000 (  22) GETR2           AND   R2 R2 #0
(3009) 14A9  0001010010101001 (  23)                 ADD   R2 R2 #9
(300A) 16C2  0001011011000010 (  25) CALCULATE       ADD   R3 R3 R2
(300B) 127F  0001001001111111 (  26)                 ADD   R1 R1 #-1
(300C) 03FD  0000001111111101 (  27)                 BRP   CALCULATE
(300D) 193F  0001100100111111 (  29)                 ADD   R4 R4 #-1
(300E) 0A02  0000101000000010 (  30)                 BRNP  CLEANUP
(300F) 96FF  1001011011111111 (  31)                 NOT   R3 R3
(3010) 16E1  0001011011100001 (  32)                 ADD   R3 R3 #1
(3011) 54A0  0101010010100000 (  34) CLEANUP         AND   R2 R2 #0
(3012) 5260  0101001001100000 (  35)                 AND   R1 R1 #0
(3013) 5920  0101100100100000 (  36)                 AND   R4 R4 #0
(3014) 5260  0101001001100000 (  40)                 AND   R1 R1 #0
(3015) 5920  0101100100100000 (  41)                 AND   R4 R4 #0
(3016) 12E0  0001001011100000 (  42)                 ADD   R1 R3 #0
(3017) 0203  0000001000000011 (  43)                 BRP   ONGO
(3018) 1921  0001100100100001 (  44)                 ADD   R4 R4 #1
(3019) 927F  1001001001111111 (  45)                 NOT   R1 R1
(301A) 1261  0001001001100001 (  46)                 ADD   R1 R1 #1
(301B) 56E0  0101011011100000 (  47) ONGO            AND   R3 R3 #0
(301C) 2411  0010010000010001 (  49)                 LD    R2 NUM3
(301D) 94BF  1001010010111111 (  50)                 NOT   R2 R2
(301E) 14A1  0001010010100001 (  51)                 ADD   R2 R2 #1
(301F) 16E1  0001011011100001 (  53) CALCULATEDIV    ADD   R3 R3 #1
(3020) 1242  0001001001000010 (  54)                 ADD   R1 R1 R2
(3021) 03FD  0000001111111101 (  55)                 BRP   CALCULATEDIV
(3022) 0401  0000010000000001 (  56)                 BRZ   GETRET
(3023) 16FF  0001011011111111 (  57)                 ADD   R3 R3 #-1
(3024) 193F  0001100100111111 (  59) GETRET          ADD   R4 R4 #-1
(3025) 0802  0000100000000010 (  60)                 BRN   EOP
(3026) 96FF  1001011011111111 (  61)                 NOT   R3 R3
(3027) 16E1  0001011011100001 (  62)                 ADD   R3 R3 #1
(3028) 2406  0010010000000110 (  64) EOP             LD    R2 CONST
(3029) 1683  0001011010000011 (  65)                 ADD   R3 R2 R3
(302A) 10E0  0001000011100000 (  66)                 ADD   R0 R3 #0
(302B) F025  1111000000100101 (  67)                 TRAP  x25
(302C) 0000  0000000000000000 (  70) NUM1            .FILL x0000
(302D) 0009  0000000000001001 (  70) NUM2            .FILL x0009
(302E) 0005  0000000000000101 (  71) NUM3            .FILL x0005
(302F) 0020  0000000000100000 (  72) CONST           .FILL x0020
