(0000) 3000  0011000000000000 (  12)                 .ORIG x3000
(3000) 56E0  0101011011100000 (  13)                 AND   R3 R3 #0
(3001) 5920  0101100100100000 (  20)                 AND   R4 R4 #0
(3002) 2430  0010010000110000 (  21)                 LD    R2 NUM2
(3003) 040E  0000010000001110 (  22)                 BRZ   MGZERODIV
(3004) 0203  0000001000000011 (  23)                 BRP   GETDEN
(3005) 1921  0001100100100001 (  24)                 ADD   R4 R4 #1
(3006) 94BF  1001010010111111 (  25)                 NOT   R2 R2
(3007) 14A1  0001010010100001 (  26)                 ADD   R2 R2 #1
(3008) 2229  0010001000101001 (  28) GETDEN          LD    R1 NUM1
(3009) 0401  0000010000000001 (  29)                 BRZ   SETR20
(300A) 0A02  0000101000000010 (  30)                 BRNP  KEEPGETR1
(300B) 54A0  0101010010100000 (  31) SETR20          AND   R2 R2 #0
(300C) 0424  0000010000100100 (  32)                 BRZ   EOP
(300D) 020B  0000001000001011 (  34) KEEPGETR1       BRP   NEGATE
(300E) 1922  0001100100100010 (  35)                 ADD   R4 R4 #2
(300F) 927F  1001001001111111 (  36)                 NOT   R1 R1
(3010) 1261  0001001001100001 (  37)                 ADD   R1 R1 #1
(3011) 0207  0000001000000111 (  38)                 BRP   NEGATE
(3012) 2021  0010000000100001 (  40) MGZERODIV       LD    R0 ZERODIVERR
(3013) E220  1110001000100000 (  41)                 LEA   R1 ZERODIVERR
(3014) F021  1111000000100001 (  42) OUTPUT          TRAP  x21
(3015) 1261  0001001001100001 (  43)                 ADD   R1 R1 #1
(3016) 6040  0110000001000000 (  44)                 LDR   R0 R1 #0
(3017) 03FC  0000001111111100 (  45)                 BRP   OUTPUT
(3018) 0418  0000010000011000 (  46)                 BRZ   EOP
(3019) 94BF  1001010010111111 (  48) NEGATE          NOT   R2 R2
(301A) 14A1  0001010010100001 (  49)                 ADD   R2 R2 #1
(301B) 16E1  0001011011100001 (  51) CALCULATE       ADD   R3 R3 #1
(301C) 1242  0001001001000010 (  52)                 ADD   R1 R1 R2
(301D) 0402  0000010000000010 (  53)                 BRZ   CLEANR2
(301E) 03FC  0000001111111100 (  54)                 BRP   CALCULATE
(301F) 0802  0000100000000010 (  55)                 BRN   GETREM
(3020) 54A0  0101010010100000 (  57) CLEANR2         AND   R2 R2 #0
(3021) 0405  0000010000000101 (  58)                 BRZ   MGSIG
(3022) 16FF  0001011011111111 (  60) GETREM          ADD   R3 R3 #-1
(3023) 94BF  1001010010111111 (  61)                 NOT   R2 R2
(3024) 14A1  0001010010100001 (  62)                 ADD   R2 R2 #1
(3025) 1442  0001010001000010 (  63)                 ADD   R2 R1 R2
(3026) 0200  0000001000000000 (  64)                 BRP   MGSIG
(3027) 193F  0001100100111111 (  66) MGSIG           ADD   R4 R4 #-1
(3028) 0C02  0000110000000010 (  67)                 BRNZ  GETRET
(3029) 94BF  1001010010111111 (  68)                 NOT   R2 R2
(302A) 14A1  0001010010100001 (  69)                 ADD   R2 R2 #1
(302B) 1921  0001100100100001 (  70) GETRET          ADD   R4 R4 #1
(302C) 0404  0000010000000100 (  71)                 BRZ   EOP
(302D) 193D  0001100100111101 (  72)                 ADD   R4 R4 #-3
(302E) 0402  0000010000000010 (  73)                 BRZ   EOP
(302F) 96FF  1001011011111111 (  74)                 NOT   R3 R3
(3030) 16E1  0001011011100001 (  75)                 ADD   R3 R3 #1
(3031) F025  1111000000100101 (  77) EOP             TRAP  x25
(3032) 0000  0000000000000000 (  80) NUM1            .FILL x0000
(3033) 0000  0000000000000000 (  81) NUM2            .FILL x0000
(3034) 0044  0000000001000100 (  81) ZERODIVERR      .FILL x0044
(3035) 0069  0000000001101001 (  81)                 .FILL x0069
(3036) 0076  0000000001110110 (  81)                 .FILL x0076
(3037) 0069  0000000001101001 (  81)                 .FILL x0069
(3038) 0064  0000000001100100 (  81)                 .FILL x0064
(3039) 0065  0000000001100101 (  81)                 .FILL x0065
(303A) 0020  0000000000100000 (  81)                 .FILL x0020
(303B) 0062  0000000001100010 (  81)                 .FILL x0062
(303C) 0079  0000000001111001 (  81)                 .FILL x0079
(303D) 0020  0000000000100000 (  81)                 .FILL x0020
(303E) 0030  0000000000110000 (  81)                 .FILL x0030
(303F) 0020  0000000000100000 (  81)                 .FILL x0020
(3040) 0065  0000000001100101 (  81)                 .FILL x0065
(3041) 0078  0000000001111000 (  81)                 .FILL x0078
(3042) 0063  0000000001100011 (  81)                 .FILL x0063
(3043) 0065  0000000001100101 (  81)                 .FILL x0065
(3044) 0070  0000000001110000 (  81)                 .FILL x0070
(3045) 0074  0000000001110100 (  81)                 .FILL x0074
(3046) 0069  0000000001101001 (  81)                 .FILL x0069
(3047) 006F  0000000001101111 (  81)                 .FILL x006F
(3048) 006E  0000000001101110 (  81)                 .FILL x006E
(3049) 0021  0000000000100001 (  81)                 .FILL x0021
(304A) 0000  0000000000000000 (  81)                 .FILL x0000
