(0000) 3000  0011000000000000 (   8)                 .ORIG x3000
(3000) 56E0  0101011011100000 (   9)                 AND   R3 R3 #0
(3001) 5920  0101100100100000 (  10)                 AND   R4 R4 #0
(3002) 2217  0010001000010111 (  11)                 LD    R1 NUM1
(3003) 0412  0000010000010010 (  12)                 BRZ   CLEANUP
(3004) 0203  0000001000000011 (  13)                 BRP   GETR2
(3005) 927F  1001001001111111 (  14)                 NOT   R1 R1
(3006) 1261  0001001001100001 (  15)                 ADD   R1 R1 #1
(3007) 1921  0001100100100001 (  16)                 ADD   R4 R4 #1
(3008) 2412  0010010000010010 (  18) GETR2           LD    R2 NUM2
(3009) 040C  0000010000001100 (  19)                 BRZ   CLEANUP
(300A) 0203  0000001000000011 (  20)                 BRP   CALCULATE
(300B) 94BF  1001010010111111 (  21)                 NOT   R2 R2
(300C) 14A1  0001010010100001 (  22)                 ADD   R2 R2 #1
(300D) 1921  0001100100100001 (  23)                 ADD   R4 R4 #1
(300E) 16C2  0001011011000010 (  25) CALCULATE       ADD   R3 R3 R2
(300F) 127F  0001001001111111 (  26)                 ADD   R1 R1 #-1
(3010) 03FD  0000001111111101 (  27)                 BRP   CALCULATE
(3011) 193F  0001100100111111 (  29)                 ADD   R4 R4 #-1
(3012) 0A03  0000101000000011 (  30)                 BRNP  CLEANUP
(3013) 96FF  1001011011111111 (  31)                 NOT   R3 R3
(3014) 16E1  0001011011100001 (  32)                 ADD   R3 R3 #1
(3015) 0800  0000100000000000 (  33)                 BRN   CLEANUP
(3016) 54A0  0101010010100000 (  35) CLEANUP         AND   R2 R2 #0
(3017) 5260  0101001001100000 (  36)                 AND   R1 R1 #0
(3018) 5920  0101100100100000 (  37)                 AND   R4 R4 #0
(3019) F025  1111000000100101 (  38) EOP             TRAP  x25
(301A) 0000  0000000000000000 (  41) NUM1            .FILL x0000
(301B) 0000  0000000000000000 (  42) NUM2            .FILL x0000
