(0000) 3000  0011000000000000 (   1)                 .ORIG x3000
(3000) E407  1110010000000111 (   2)                 LEA   R2 HELLO
(3001) 2205  0010001000000101 (   3)                 LD    R1 LENGTH
(3002) 6080  0110000010000000 (   4) LOOP            LDR   R0 R2 #0
(3003) F021  1111000000100001 (   5)                 TRAP  x21
(3004) 14A1  0001010010100001 (   6)                 ADD   R2 R2 #1
(3005) 127F  0001001001111111 (   7)                 ADD   R1 R1 #-1
(3006) 03FB  0000001111111011 (   8)                 BRP   LOOP
(3007) 000D  0000000000001101 (   9) LENGTH          .FILL x000D
(3008) 0048  0000000001001000 (  10) HELLO           .FILL x0048
(3009) 0065  0000000001100101 (  10)                 .FILL x0065
(300A) 006C  0000000001101100 (  10)                 .FILL x006C
(300B) 006C  0000000001101100 (  10)                 .FILL x006C
(300C) 006F  0000000001101111 (  10)                 .FILL x006F
(300D) 002C  0000000000101100 (  10)                 .FILL x002C
(300E) 0020  0000000000100000 (  10)                 .FILL x0020
(300F) 0077  0000000001110111 (  10)                 .FILL x0077
(3010) 006F  0000000001101111 (  10)                 .FILL x006F
(3011) 0072  0000000001110010 (  10)                 .FILL x0072
(3012) 006C  0000000001101100 (  10)                 .FILL x006C
(3013) 0064  0000000001100100 (  10)                 .FILL x0064
(3014) 0021  0000000000100001 (  10)                 .FILL x0021
(3015) 0000  0000000000000000 (  10)                 .FILL x0000
