(0000) 3000  0011000000000000 (  12)                 .ORIG x3000
(3000) 3237  0011001000110111 (  13)                 ST    R1 R1VAL
(3001) 3437  0011010000110111 (  14)                 ST    R2 R2VAL
(3002) 3637  0011011000110111 (  15)                 ST    R3 R3VAL
(3003) 3837  0011100000110111 (  16)                 ST    R4 R4VAL
(3004) 56E0  0101011011100000 (  17)                 AND   R3 R3 #0
(3005) 5920  0101100100100000 (  18)                 AND   R4 R4 #0
(3006) 222D  0010001000101101 (  19)                 LD    R1 NUM1
(3007) 040D  0000010000001101 (  20)                 BRZ   CLEANUP
(3008) 0203  0000001000000011 (  21)                 BRP   GETR2
(3009) 927F  1001001001111111 (  22)                 NOT   R1 R1
(300A) 1261  0001001001100001 (  23)                 ADD   R1 R1 #1
(300B) 1921  0001100100100001 (  24)                 ADD   R4 R4 #1
(300C) 54A0  0101010010100000 (  26) GETR2           AND   R2 R2 #0
(300D) 14A9  0001010010101001 (  27)                 ADD   R2 R2 #9
(300E) 16C2  0001011011000010 (  29) CALCULATE       ADD   R3 R3 R2
(300F) 127F  0001001001111111 (  30)                 ADD   R1 R1 #-1
(3010) 03FD  0000001111111101 (  31)                 BRP   CALCULATE
(3011) 193F  0001100100111111 (  33)                 ADD   R4 R4 #-1
(3012) 0A02  0000101000000010 (  34)                 BRNP  CLEANUP
(3013) 96FF  1001011011111111 (  35)                 NOT   R3 R3
(3014) 16E1  0001011011100001 (  36)                 ADD   R3 R3 #1
(3015) 54A0  0101010010100000 (  38) CLEANUP         AND   R2 R2 #0
(3016) 5260  0101001001100000 (  39)                 AND   R1 R1 #0
(3017) 5920  0101100100100000 (  40)                 AND   R4 R4 #0
(3018) 5260  0101001001100000 (  44)                 AND   R1 R1 #0
(3019) 5920  0101100100100000 (  45)                 AND   R4 R4 #0
(301A) 12E0  0001001011100000 (  46)                 ADD   R1 R3 #0
(301B) 0203  0000001000000011 (  47)                 BRP   ONGO
(301C) 1921  0001100100100001 (  48)                 ADD   R4 R4 #1
(301D) 927F  1001001001111111 (  49)                 NOT   R1 R1
(301E) 1261  0001001001100001 (  50)                 ADD   R1 R1 #1
(301F) 56E0  0101011011100000 (  51) ONGO            AND   R3 R3 #0
(3020) 2415  0010010000010101 (  53)                 LD    R2 NUM3
(3021) 94BF  1001010010111111 (  54)                 NOT   R2 R2
(3022) 14A1  0001010010100001 (  55)                 ADD   R2 R2 #1
(3023) 16E1  0001011011100001 (  57) CALCULATEDIV    ADD   R3 R3 #1
(3024) 1242  0001001001000010 (  58)                 ADD   R1 R1 R2
(3025) 03FD  0000001111111101 (  59)                 BRP   CALCULATEDIV
(3026) 0401  0000010000000001 (  60)                 BRZ   GETRET
(3027) 16FF  0001011011111111 (  61)                 ADD   R3 R3 #-1
(3028) 193F  0001100100111111 (  63) GETRET          ADD   R4 R4 #-1
(3029) 0802  0000100000000010 (  64)                 BRN   EOP
(302A) 96FF  1001011011111111 (  65)                 NOT   R3 R3
(302B) 16E1  0001011011100001 (  66)                 ADD   R3 R3 #1
(302C) 240A  0010010000001010 (  68) EOP             LD    R2 CONST
(302D) 1683  0001011010000011 (  69)                 ADD   R3 R2 R3
(302E) 10E0  0001000011100000 (  70)                 ADD   R0 R3 #0
(302F) 2208  0010001000001000 (  71)                 LD    R1 R1VAL
(3030) 2408  0010010000001000 (  72)                 LD    R2 R2VAL
(3031) 2608  0010011000001000 (  73)                 LD    R3 R3VAL
(3032) 2808  0010100000001000 (  74)                 LD    R4 R4VAL
(3033) F025  1111000000100101 (  75)                 TRAP  x25
(3034) 0000  0000000000000000 (  78) NUM1            .FILL x0000
(3035) 0009  0000000000001001 (  78) NUM2            .FILL x0009
(3036) 0005  0000000000000101 (  79) NUM3            .FILL x0005
(3037) 0020  0000000000100000 (  80) CONST           .FILL x0020
(3038) 0000  0000000000000000 (  82) R1VAL           .FILL x0000
(3039) 0000  0000000000000000 (  83) R2VAL           .FILL x0000
(303A) 0000  0000000000000000 (  84) R3VAL           .FILL x0000
(303B) 0000  0000000000000000 (  85) R4VAL           .FILL x0000
